Environment Variables:

ALLUSERSPROFILE=C:\Documents and Settings\All Users
APPDATA=C:\Documents and Settings\x\Application Data
CLIENTNAME=Console
CommonProgramFiles=C:\Program Files\Common Files
COMPUTERNAME=X-5I0P7Y88OG87E
ComSpec=C:\WINDOWS\system32\cmd.exe
CURCONFIGNAME=PCB
CURDESIGNNAME=PCB_Layout_Temp
CURPROJNAME=
CURPROJPATH=
DEFPLATFORM=MOD5270
epdarglist=/PrjPath "C:\My Data\Design\Mentor\Libs\JPK_Lib\Templates\Layout\2 Layer Logic Root Module Template\Single_7seg.prj" /SnapshotName "PCB_Layout_Temp" /TopBlockName "PCB" /Context ExpeditionPCB
FP_NO_HOST_CHECK=NO
HOMEDRIVE=C:
HOMEPATH=\Documents and Settings\x
LMC_HOME=C:\CAD\Xilinx\10.1\ISE\smartmodel\nt\installed_nt
LOGONSERVER=\\X-5I0P7Y88OG87E
MAKE_MODE=unix
MGC_HOME=C:/MentorGraphics/2007EE/MGC_HOME.ixn
MGC_HOMEBS=C:\MentorGraphics\2007EE\MGC_HOME.ixn
MGC_PCB_FILE_PATH_FOR_ICDB_DESIGN=C:\My Data\Design\Mentor\Libs\JPK_Lib\Templates\Layout\2 Layer Logic Root Module Template\Single_7seg.pcb
MGLS_LICENSE_FILE=1717@jason
NBROOT=/nburn
NBROOTMINGW=C:\CAD\Nburn
NUMBER_OF_PROCESSORS=2
OS=Windows_NT
Path=C:\MentorGraphics\2007EE\SDD_HOME\xe\win32\lib;C:\MentorGraphics\2007EE\SDD_HOME\wg\win32\lib;C:\MentorGraphics\2007EE\SDD_HOME\common\win32\bin;C:\MentorGraphics\2007EE\SDD_HOME\common\win32\lib;C:\CAD\Xilinx\10.1\ISE\bin\nt;C:\CAD\Xilinx\10.1\ISE\lib\nt;C:\CAD\Xilinx\10.1\ISE\smartmodel\nt\installed_nt\lib\pcnt.lib;C:\WINDOWS\system32;C:\WINDOWS;C:\WINDOWS\System32\Wbem;C:\MentorGraphics\2007EE\MGC_HOME.ixn\bin;C:\MentorGraphics\2007EE\MGC_HOME.ixn\lib;C:\CAD\Nburn\pcbin;C:\CAD\Nburn\gcc-m68k\bin;C:\CAD\Nburn\gcc-m68k\msys\1.0\bin;C:/MentorGraphics/2007EE/MGC_HOME.ixn/bin;C:/MentorGraphics/2007EE/MGC_HOME.ixn/lib;C:\Program Files\IDM Computer Solutions\UltraEdit\;C:\Program Files\Common Files\Nero\Lib\
PATHEXT=.COM;.EXE;.BAT;.CMD;.VBS;.VBE;.JS;.JSE;.WSF;.WSH
perlinterp=C:\MentorGraphics\2007EE\SDD_HOME\common\win32\perl\bin\perl
PROCESSOR_ARCHITECTURE=x86
PROCESSOR_IDENTIFIER=x86 Family 15 Model 107 Stepping 1, AuthenticAMD
PROCESSOR_LEVEL=15
PROCESSOR_REVISION=6b01
ProgramFiles=C:\Program Files
PROMPT=$P$G
SDD_CES=ces
SDD_CES_BIN=C:\MentorGraphics\2007EE\SDD_HOME\ces\win32\bin
SDD_COMMON_BIN=C:\MentorGraphics\2007EE\SDD_HOME\common\win32\bin
SDD_DX=dx
SDD_HOME=C:\MentorGraphics\2007EE\SDD_HOME
SDD_HSSD=hssd
SDD_ICDB=iCDB
SDD_LM=lm
SDD_LM_BIN=C:\MentorGraphics\2007EE\SDD_HOME\lm\win32\bin
SDD_LOCAL=C:\Documents and Settings\All Users\Application Data\mgc\2007EE
SDD_MGC_HOME=..\MGC_HOME.ixn
SDD_PCBIND=pcbind
SDD_PLATFORM=win32
SDD_SIM=sim
SDD_START=start
SDD_STARTBAT=start /b /wait
SDD_VERSION=2007EE
SDD_VLPERL_BIN=C:\MentorGraphics\2007EE\SDD_HOME\common\win32\perl\bin
SDD_WG=wg
SDD_WV=wv
SDD_XE=xe
SELPROJ=
SESSIONNAME=Console
SystemDrive=C:
SystemRoot=C:\WINDOWS
TEMP=C:\DOCUME~1\x\LOCALS~1\Temp
TMP=C:\DOCUME~1\x\LOCALS~1\Temp
USERDOMAIN=X-5I0P7Y88OG87E
USERNAME=x
USERPROFILE=C:\Documents and Settings\x
WDIR=c:\temp\WDIR;C:\MentorGraphics\2007EE\SDD_HOME\standard
WF_CLASSPATH=C:\MentorGraphics\2007EE\SDD_HOME\common\win32\lib
windir=C:\WINDOWS
XILINX=C:\CAD\Xilinx\10.1\ISE
