--------------------------------------------------------------------------------
 Project integration - START (2017-04-15 15:42:26) 
--------------------------------------------------------------------------------
FE snapshot name: DCDV
BE snapshot name: PCB_Layout_Temp
Top level block: (8-1-5)
Parameters: BAConnectivity,FEWin,
--------------------------------------------------------------------------------
--------------------------------------------------------------------------------
 Connection synchronization - START (2017-04-15 15:42:26) 
--------------------------------------------------------------------------------
[Ok][Modification] - [BE->FE] [P: Block,Schematic1,(8-1-5)]  [O: FlatComp,coil_bottom;2,(8-1-8)]
	Property: Cell Name, Operation: Change
[Ok][Modification] - [BE->FE] [P: Block,Schematic1,(8-1-5)]  [O: FlatComp,CAP;2,(26-1-8)]
	Property: Cell Name, Operation: Change
[Ok][Modification] - [BE->FE] [P: Block,Schematic1,(8-1-5)]  [O: FlatComp,HighCurrentHeader_2pin;2,(30-1-8)]
	Property: Cell Name, Operation: Change
[Ok][Modification] - [BE->FE] [P: Block,Schematic1,(8-1-5)]  [O: FlatComp,Header_block;2,(34-1-8)]
	Property: Cell Name, Operation: Change
[Ok][Modification] - [BE->FE] [P: Block,Schematic1,(8-1-5)]  [O: FlatComp,coil_bottom;2,(8-2-8)]
	Property: Cell Name, Operation: Change
[Ok][Modification] - [BE->FE] [P: Block,Schematic1,(8-1-5)]  [O: FlatComp,CAP;2,(26-2-8)]
	Property: Cell Name, Operation: Change
[Ok][Modification] - [BE->FE] [P: Block,Schematic1,(8-1-5)]  [O: FlatComp,Header_block;2,(34-2-8)]
	Property: Cell Name, Operation: Change
[Ok][Modification] - [BE->FE] [P: Block,Schematic1,(8-1-5)]  [O: FlatComp,coil_bottom;2,(8-3-8)]
	Property: Cell Name, Operation: Change
[Ok][Modification] - [BE->FE] [P: Block,Schematic1,(8-1-5)]  [O: FlatComp,CAP;2,(26-3-8)]
	Property: Cell Name, Operation: Change
[Ok][Modification] - [BE->FE] [P: Block,Schematic1,(8-1-5)]  [O: FlatComp,Header_block;2,(34-3-8)]
	Property: Cell Name, Operation: Change
[Ok][Modification] - [BE->FE] [P: Block,Schematic1,(8-1-5)]  [O: FlatComp,coil_bottom;2,(8-4-8)]
	Property: Cell Name, Operation: Change
[Ok][Modification] - [BE->FE] [P: Block,Schematic1,(8-1-5)]  [O: FlatComp,CAP;2,(26-4-8)]
	Property: Cell Name, Operation: Change
[Ok][Modification] - [BE->FE] [P: Block,Schematic1,(8-1-5)]  [O: FlatComp,Header_block;2,(34-4-8)]
	Property: Cell Name, Operation: Change
[Ok][Modification] - [BE->FE] [P: Block,Schematic1,(8-1-5)]  [O: FlatComp,Single_HbdgBoard_VNH5019;3,(8-5-8)]
	Property: Cell Name, Operation: Change
[Ok][Modification] - [BE->FE] [P: Block,Schematic1,(8-1-5)]  [O: FlatComp,Header_block;2,(34-5-8)]
	Property: Cell Name, Operation: Change
[Ok][Modification] - [BE->FE] [P: Block,Schematic1,(8-1-5)]  [O: FlatComp,Single_HbdgBoard_VNH5019;3,(8-6-8)]
	Property: Cell Name, Operation: Change
[Ok][Modification] - [BE->FE] [P: Block,Schematic1,(8-1-5)]  [O: FlatComp,Header_block;2,(34-6-8)]
	Property: Cell Name, Operation: Change
[Ok][Modification] - [BE->FE] [P: Block,Schematic1,(8-1-5)]  [O: FlatComp,PIC24_28Pin;2,(8-7-8)]
	Property: Cell Name, Operation: Change
[Ok][Modification] - [BE->FE] [P: Block,Schematic1,(8-1-5)]  [O: FlatComp,HallEffectSensor;2,(8-8-8)]
	Property: Cell Name, Operation: Change
[Ok][Modification] - [BE->FE] [P: Block,Schematic1,(8-1-5)]  [O: FlatComp,HallEffectSensor;2,(8-9-8)]
	Property: Cell Name, Operation: Change
[Ok][Modification] - [BE->FE] [P: Block,Schematic1,(8-1-5)]  [O: FlatComp,HallEffectSensor;2,(8-10-8)]
	Property: Cell Name, Operation: Change
[Ok][Modification] - [BE->FE] [P: Block,Schematic1,(8-1-5)]  [O: FlatComp,HallEffectSensor;2,(8-11-8)]
	Property: Cell Name, Operation: Change
[Ok][Modification] - [BE->FE] [P: Block,Schematic1,(8-1-5)]  [O: FlatComp,CAP;2,(8-12-8)]
	Property: Cell Name, Operation: Change
[Ok][Modification] - [BE->FE] [P: Block,Schematic1,(8-1-5)]  [O: FlatComp,CAP;2,(8-13-8)]
	Property: Cell Name, Operation: Change
[Ok][Modification] - [BE->FE] [P: Block,Schematic1,(8-1-5)]  [O: FlatComp,CAP;2,(8-14-8)]
	Property: Cell Name, Operation: Change
[Ok][Modification] - [BE->FE] [P: Block,Schematic1,(8-1-5)]  [O: FlatComp,RES;7,(8-15-8)]
	Property: Cell Name, Operation: Change
[Ok][Modification] - [BE->FE] [P: Block,Schematic1,(8-1-5)]  [O: FlatComp,IND;1,(8-16-8)]
	Property: Cell Name, Operation: Change
[Ok][Modification] - [BE->FE] [P: Block,Schematic1,(8-1-5)]  [O: FlatComp,Header_block;2,(8-17-8)]
	Property: Cell Name, Operation: Change
[Ok][Modification] - [BE->FE] [P: Block,Schematic1,(8-1-5)]  [O: FlatComp,Header_block;2,(8-18-8)]
	Property: Cell Name, Operation: Change
[Ok][Modification] - [BE->FE] [P: Block,Schematic1,(8-1-5)]  [O: FlatComp,RES;7,(8-19-8)]
	Property: Cell Name, Operation: Change
[Ok][Modification] - [BE->FE] [P: Block,Schematic1,(8-1-5)]  [O: FlatComp,RES;7,(8-20-8)]
	Property: Cell Name, Operation: Change
[Ok][Modification] - [BE->FE] [P: Block,Schematic1,(8-1-5)]  [O: FlatComp,RES;7,(8-21-8)]
	Property: Cell Name, Operation: Change
[Ok][Modification] - [BE->FE] [P: Block,Schematic1,(8-1-5)]  [O: FlatComp,RES;7,(8-22-8)]
	Property: Cell Name, Operation: Change
[Ok][Modification] - [BE->FE] [P: Block,Schematic1,(8-1-5)]  [O: FlatComp,HDR1X3;9,(8-26-8)]
	Property: Cell Name, Operation: Change
[Ok][Modification] - [BE->FE] [P: Block,Schematic1,(8-1-5)]  [O: FlatComp,HDR1X3;9,(8-27-8)]
	Property: Cell Name, Operation: Change
[Ok][Modification] - [BE->FE] [P: Block,Schematic1,(8-1-5)]  [O: FlatComp,RES;7,(8-28-8)]
	Property: Cell Name, Operation: Change
[Ok][Modification] - [BE->FE] [P: Block,Schematic1,(8-1-5)]  [O: FlatComp,RES;7,(8-29-8)]
	Property: Cell Name, Operation: Change
[Ok][Modification] - [BE->FE] [P: Block,Schematic1,(8-1-5)]  [O: FlatComp,RES;7,(8-30-8)]
	Property: Cell Name, Operation: Change
[Ok][Modification] - [BE->FE] [P: Block,Schematic1,(8-1-5)]  [O: FlatComp,RES;7,(8-31-8)]
	Property: Cell Name, Operation: Change
[Ok][Modification] - [BE->FE] [P: Block,Schematic1,(8-1-5)]  [O: FlatComp,RES;7,(8-32-8)]
	Property: Cell Name, Operation: Change
[Ok][Modification] - [BE->FE] [P: Block,Schematic1,(8-1-5)]  [O: FlatComp,RES;7,(8-33-8)]
	Property: Cell Name, Operation: Change
[Ok][Modification] - [BE->FE] [P: Block,Schematic1,(8-1-5)]  [O: FlatComp,LED;1,(8-34-8)]
	Property: Cell Name, Operation: Change
[Ok][Modification] - [BE->FE] [P: Block,Schematic1,(8-1-5)]  [O: FlatComp,LED;1,(8-35-8)]
	Property: Cell Name, Operation: Change
[Ok][Modification] - [BE->FE] [P: Block,Schematic1,(8-1-5)]  [O: FlatComp,LED;1,(8-36-8)]
	Property: Cell Name, Operation: Change
[Ok][Modification] - [BE->FE] [P: Block,Schematic1,(8-1-5)]  [O: FlatComp,LED;1,(8-37-8)]
	Property: Cell Name, Operation: Change
[Ok][Modification] - [BE->FE] [P: Block,Schematic1,(8-1-5)]  [O: FlatComp,LED;1,(8-38-8)]
	Property: Cell Name, Operation: Change
[Ok][Modification] - [BE->FE] [P: Block,Schematic1,(8-1-5)]  [O: FlatComp,LED;1,(8-39-8)]
	Property: Cell Name, Operation: Change
[Ok][Modification] - [BE->FE] [P: Block,Schematic1,(8-1-5)]  [O: FlatComp,INA122;2,(8-40-8)]
	Property: Cell Name, Operation: Change
[Ok][Modification] - [BE->FE] [P: Block,Schematic1,(8-1-5)]  [O: FlatComp,INA122;2,(8-41-8)]
	Property: Cell Name, Operation: Change
[Ok][Modification] - [BE->FE] [P: Block,Schematic1,(8-1-5)]  [O: FlatComp,INA122;2,(8-42-8)]
	Property: Cell Name, Operation: Change
[Ok][Modification] - [BE->FE] [P: Block,Schematic1,(8-1-5)]  [O: FlatComp,INA122;2,(8-43-8)]
	Property: Cell Name, Operation: Change
[Ok][Modification] - [BE->FE] [P: FlatComp,Header_block;2,(34-1-8)]  [O: FlatPin,P1,(34-1-11)]
	Property: Pin Number, Operation: Modify
[Ok][Modification] - [BE->FE] [P: FlatComp,Header_block;2,(34-2-8)]  [O: FlatPin,P1,(34-2-11)]
	Property: Pin Number, Operation: Modify
[Ok][Modification] - [BE->FE] [P: FlatComp,Header_block;2,(34-3-8)]  [O: FlatPin,P1,(34-3-11)]
	Property: Pin Number, Operation: Modify
[Ok][Modification] - [BE->FE] [P: FlatComp,Header_block;2,(34-4-8)]  [O: FlatPin,P1,(34-4-11)]
	Property: Pin Number, Operation: Modify
[Ok][Modification] - [BE->FE] [P: FlatComp,Header_block;2,(34-5-8)]  [O: FlatPin,P1,(34-5-11)]
	Property: Pin Number, Operation: Modify
--------------------------------------------------------------------------------
 Connection synchronization - END (2017-04-15 15:42:26) 
--------------------------------------------------------------------------------
--------------------------------------------------------------------------------
 VMVariant synchronization - START (2017-04-15 15:42:26) 
--------------------------------------------------------------------------------
--------------------------------------------------------------------------------
 VMVariant synchronization - END (2017-04-15 15:42:26) 
--------------------------------------------------------------------------------
--------------------------------------------------------------------------------
 Project integration - END (2017-04-15 15:42:26) 
--------------------------------------------------------------------------------
